<?xml version="1.0" encoding="UTF-8"?>
<!-- Generated by org.testng.reporters.JUnitReportReporter -->
<testsuite hostname="LAPTOP-RFV2DA0Q" failures="0" tests="1" name="qa.test.Testcase1" time="15.489" errors="0" timestamp="2023-07-23T02:09:22 IST" skipped="0">
  <testcase classname="qa.test.Testcase1" name="LoginTestCase01" time="15.489"/>
</testsuite> <!-- qa.test.Testcase1 -->
